<?xml version="1.0" encoding="UTF-8"?>
<!-- Generated by org.testng.reporters.JUnitReportReporter -->
<testsuite hostname="ola-shehadeh86" failures="0" tests="3" name="AddOneRandomItem" time="10.656" errors="0" timestamp="2024-03-17T21:17:10 EET" skipped="2">
  <testcase classname="AddOneRandomItem" name="addOneRandomItemToThecart" time="10.656"/>
  <system-out/>
  <testcase classname="AddOneRandomItem" name="SignupProcess">
    <skipped/>
  </testcase> <!-- SignupProcess -->
  <system-out/>
  <testcase classname="AddOneRandomItem" name="checkoutProcess">
    <skipped/>
  </testcase> <!-- checkoutProcess -->
  <system-out/>
</testsuite> <!-- AddOneRandomItem -->
